INFO: (function: applyOptionsBase) FitterAlgoBase.cc: 112 -- Setting robust fit options to Tolerance=0.1 / Strategy=0 / Type,Algo=Minuit2,Migrad (note that defaults of CascadeMinimizer were taken where option not specified)
INFO: (function: run) Combine.cc: 902 -- Computing results starting from observation (a-posteriori)
INFO: (function: getNormalizations) FitDiagnostics.cc: 777 -- Generating toy data for evaluating per-bin uncertainties and covariances with post-fit nuisance parameters with 200 toys
INFO: (function: improveOnce) CascadeMinimizer.cc: 157 -- Minimisation configured with Type=Minuit2, Algo=Migrad, strategy=0, tolerance=0.1
INFO: (function: improveOnce) CascadeMinimizer.cc: 180 -- Minimisation finished with status=0
INFO: (function: improveOnce) CascadeMinimizer.cc: 185 -- Minimization success! status=0
INFO: (function: improveOnce) CascadeMinimizer.cc: 157 -- Minimisation configured with Type=Minuit2, Algo=Migrad, strategy=0, tolerance=0.1
INFO: (function: improveOnce) CascadeMinimizer.cc: 180 -- Minimisation finished with status=0
INFO: (function: improveOnce) CascadeMinimizer.cc: 185 -- Minimization success! status=0
DEBUG: (function: runSpecific) FitDiagnostics.cc: 304 -- Fit B-only, status = 0, numBadNLL = 0, covariance quality = 3
INFO: (function: getNormalizations) FitDiagnostics.cc: 777 -- Generating toy data for evaluating per-bin uncertainties and covariances with post-fit nuisance parameters with 200 toys
INFO: (function: improveOnce) CascadeMinimizer.cc: 157 -- Minimisation configured with Type=Minuit2, Algo=Migrad, strategy=0, tolerance=0.1
INFO: (function: improveOnce) CascadeMinimizer.cc: 180 -- Minimisation finished with status=0
INFO: (function: improveOnce) CascadeMinimizer.cc: 185 -- Minimization success! status=0
INFO: (function: doFit) FitterAlgoBase.cc: 334 -- Running RobustFit for POI r. Configured with strategy 0  
INFO: (function: findCrossing) FitterAlgoBase.cc: 380 -- Searching for crossing at nll = -495.382, in the interval 1.00728 < r < 1.5
INFO: (function: improveOnce) CascadeMinimizer.cc: 157 -- Minimisation configured with Type=Minuit2, Algo=Migrad, strategy=0, tolerance=0.1
INFO: (function: improveOnce) CascadeMinimizer.cc: 180 -- Minimisation finished with status=0
INFO: (function: improveOnce) CascadeMinimizer.cc: 185 -- Minimization success! status=0
INFO: (function: findCrossing) FitterAlgoBase.cc: 401 -- r lvl-here lvl-there 	stepping 
INFO: (function: improveOnce) CascadeMinimizer.cc: 157 -- Minimisation configured with Type=Minuit2, Algo=Migrad, strategy=0, tolerance=0.1
INFO: (function: improveOnce) CascadeMinimizer.cc: 180 -- Minimisation finished with status=0
INFO: (function: improveOnce) CascadeMinimizer.cc: 185 -- Minimization success! status=0
INFO: (function: findCrossing) FitterAlgoBase.cc: 434 -- 1.056550    -0.47386  +0.49450    0.049272
INFO: (function: improveOnce) CascadeMinimizer.cc: 157 -- Minimisation configured with Type=Minuit2, Algo=Migrad, strategy=0, tolerance=0.1
INFO: (function: improveOnce) CascadeMinimizer.cc: 180 -- Minimisation finished with status=0
INFO: (function: improveOnce) CascadeMinimizer.cc: 185 -- Minimization success! status=0
INFO: (function: findCrossing) FitterAlgoBase.cc: 434 -- 1.022059    +0.39508  -0.47386    0.014782
INFO: (function: improveOnce) CascadeMinimizer.cc: 157 -- Minimisation configured with Type=Minuit2, Algo=Migrad, strategy=0, tolerance=0.1
INFO: (function: improveOnce) CascadeMinimizer.cc: 180 -- Minimisation finished with status=0
INFO: (function: improveOnce) CascadeMinimizer.cc: 185 -- Minimization success! status=0
INFO: (function: findCrossing) FitterAlgoBase.cc: 434 -- 1.036841    +0.11639  +0.39508    0.014782
INFO: (function: improveOnce) CascadeMinimizer.cc: 157 -- Minimisation configured with Type=Minuit2, Algo=Migrad, strategy=0, tolerance=0.1
INFO: (function: improveOnce) CascadeMinimizer.cc: 180 -- Minimisation finished with status=0
INFO: (function: improveOnce) CascadeMinimizer.cc: 185 -- Minimization success! status=0
INFO: (function: findCrossing) FitterAlgoBase.cc: 434 -- 1.051623    -0.30271  +0.11639    0.014782
INFO: (function: improveOnce) CascadeMinimizer.cc: 157 -- Minimisation configured with Type=Minuit2, Algo=Migrad, strategy=0, tolerance=0.1
INFO: (function: improveOnce) CascadeMinimizer.cc: 180 -- Minimisation finished with status=0
INFO: (function: improveOnce) CascadeMinimizer.cc: 185 -- Minimization success! status=0
INFO: (function: findCrossing) FitterAlgoBase.cc: 434 -- 1.041275    +0.00487  -0.30271    0.004435
INFO: (function: improveOnce) CascadeMinimizer.cc: 157 -- Minimisation configured with Type=Minuit2, Algo=Migrad, strategy=0, tolerance=0.1
INFO: (function: improveOnce) CascadeMinimizer.cc: 180 -- Minimisation finished with status=0
INFO: (function: improveOnce) CascadeMinimizer.cc: 185 -- Minimization success! status=0
INFO: (function: findCrossing) FitterAlgoBase.cc: 434 -- 1.045710    -0.11865  +0.00487    0.004435
INFO: (function: improveOnce) CascadeMinimizer.cc: 157 -- Minimisation configured with Type=Minuit2, Algo=Migrad, strategy=0, tolerance=0.1
INFO: (function: improveOnce) CascadeMinimizer.cc: 180 -- Minimisation finished with status=0
INFO: (function: improveOnce) CascadeMinimizer.cc: 185 -- Minimization success! status=0
INFO: (function: findCrossing) FitterAlgoBase.cc: 434 -- 1.042606    -0.03094  -0.11865    0.001330
INFO: (function: improveOnce) CascadeMinimizer.cc: 157 -- Minimisation configured with Type=Minuit2, Algo=Migrad, strategy=0, tolerance=0.1
INFO: (function: improveOnce) CascadeMinimizer.cc: 180 -- Minimisation finished with status=0
INFO: (function: improveOnce) CascadeMinimizer.cc: 185 -- Minimization success! status=0
INFO: (function: findCrossing) FitterAlgoBase.cc: 434 -- 1.041675    -0.00576  -0.03094    0.000399
INFO: (function: improveOnce) CascadeMinimizer.cc: 157 -- Minimisation configured with Type=Minuit2, Algo=Migrad, strategy=0, tolerance=0.1
INFO: (function: improveOnce) CascadeMinimizer.cc: 180 -- Minimisation finished with status=0
INFO: (function: improveOnce) CascadeMinimizer.cc: 185 -- Minimization success! status=0
INFO: (function: findCrossing) FitterAlgoBase.cc: 434 -- 1.041395    +0.00170  -0.00576    0.000120
INFO: (function: improveOnce) CascadeMinimizer.cc: 157 -- Minimisation configured with Type=Minuit2, Algo=Migrad, strategy=0, tolerance=0.1
INFO: (function: improveOnce) CascadeMinimizer.cc: 180 -- Minimisation finished with status=0
INFO: (function: improveOnce) CascadeMinimizer.cc: 185 -- Minimization success! status=0
INFO: (function: findCrossing) FitterAlgoBase.cc: 434 -- 1.041515    -0.00148  +0.00170    0.000120
INFO: (function: improveOnce) CascadeMinimizer.cc: 157 -- Minimisation configured with Type=Minuit2, Algo=Migrad, strategy=0, tolerance=0.1
INFO: (function: improveOnce) CascadeMinimizer.cc: 180 -- Minimisation finished with status=0
INFO: (function: improveOnce) CascadeMinimizer.cc: 185 -- Minimization success! status=0
INFO: (function: findCrossing) FitterAlgoBase.cc: 434 -- 1.041431    +0.00076  -0.00148    0.000036
INFO: (function: improveOnce) CascadeMinimizer.cc: 157 -- Minimisation configured with Type=Minuit2, Algo=Migrad, strategy=0, tolerance=0.1
INFO: (function: improveOnce) CascadeMinimizer.cc: 180 -- Minimisation finished with status=0
INFO: (function: improveOnce) CascadeMinimizer.cc: 185 -- Minimization success! status=0
INFO: (function: findCrossing) FitterAlgoBase.cc: 434 -- 1.041467    -0.00020  +0.00076    0.000036
INFO: (function: findCrossing) FitterAlgoBase.cc: 380 -- Searching for crossing at nll = -495.382, in the interval 1.00728 < r < 0.5
INFO: (function: improveOnce) CascadeMinimizer.cc: 157 -- Minimisation configured with Type=Minuit2, Algo=Migrad, strategy=0, tolerance=0.1
INFO: (function: improveOnce) CascadeMinimizer.cc: 180 -- Minimisation finished with status=0
INFO: (function: improveOnce) CascadeMinimizer.cc: 185 -- Minimization success! status=0
INFO: (function: findCrossing) FitterAlgoBase.cc: 401 -- r lvl-here lvl-there 	stepping 
INFO: (function: improveOnce) CascadeMinimizer.cc: 157 -- Minimisation configured with Type=Minuit2, Algo=Migrad, strategy=0, tolerance=0.1
INFO: (function: improveOnce) CascadeMinimizer.cc: 180 -- Minimisation finished with status=0
INFO: (function: improveOnce) CascadeMinimizer.cc: 185 -- Minimization success! status=0
INFO: (function: findCrossing) FitterAlgoBase.cc: 434 -- 0.956550    -0.53584  +0.49450    -0.050728
INFO: (function: improveOnce) CascadeMinimizer.cc: 157 -- Minimisation configured with Type=Minuit2, Algo=Migrad, strategy=0, tolerance=0.1
INFO: (function: improveOnce) CascadeMinimizer.cc: 180 -- Minimisation finished with status=0
INFO: (function: improveOnce) CascadeMinimizer.cc: 185 -- Minimization success! status=0
INFO: (function: findCrossing) FitterAlgoBase.cc: 434 -- 0.992059    +0.39772  -0.53584    -0.015218
INFO: (function: improveOnce) CascadeMinimizer.cc: 157 -- Minimisation configured with Type=Minuit2, Algo=Migrad, strategy=0, tolerance=0.1
INFO: (function: improveOnce) CascadeMinimizer.cc: 180 -- Minimisation finished with status=0
INFO: (function: improveOnce) CascadeMinimizer.cc: 185 -- Minimization success! status=0
INFO: (function: findCrossing) FitterAlgoBase.cc: 434 -- 0.976841    +0.12031  +0.39772    -0.015218
INFO: (function: improveOnce) CascadeMinimizer.cc: 157 -- Minimisation configured with Type=Minuit2, Algo=Migrad, strategy=0, tolerance=0.1
INFO: (function: improveOnce) CascadeMinimizer.cc: 180 -- Minimisation finished with status=0
INFO: (function: improveOnce) CascadeMinimizer.cc: 185 -- Minimization success! status=0
INFO: (function: findCrossing) FitterAlgoBase.cc: 434 -- 0.961623    -0.33908  +0.12031    -0.015218
INFO: (function: improveOnce) CascadeMinimizer.cc: 157 -- Minimisation configured with Type=Minuit2, Algo=Migrad, strategy=0, tolerance=0.1
INFO: (function: improveOnce) CascadeMinimizer.cc: 180 -- Minimisation finished with status=0
INFO: (function: improveOnce) CascadeMinimizer.cc: 185 -- Minimization success! status=0
INFO: (function: findCrossing) FitterAlgoBase.cc: 434 -- 0.972275    +0.00284  -0.33908    -0.004565
INFO: (function: improveOnce) CascadeMinimizer.cc: 157 -- Minimisation configured with Type=Minuit2, Algo=Migrad, strategy=0, tolerance=0.1
INFO: (function: improveOnce) CascadeMinimizer.cc: 180 -- Minimisation finished with status=0
INFO: (function: improveOnce) CascadeMinimizer.cc: 185 -- Minimization success! status=0
INFO: (function: findCrossing) FitterAlgoBase.cc: 434 -- 0.967710    -0.13197  +0.00284    -0.004565
INFO: (function: improveOnce) CascadeMinimizer.cc: 157 -- Minimisation configured with Type=Minuit2, Algo=Migrad, strategy=0, tolerance=0.1
INFO: (function: improveOnce) CascadeMinimizer.cc: 180 -- Minimisation finished with status=0
INFO: (function: improveOnce) CascadeMinimizer.cc: 185 -- Minimization success! status=0
INFO: (function: findCrossing) FitterAlgoBase.cc: 434 -- 0.970906    -0.03577  -0.13197    -0.001370
INFO: (function: improveOnce) CascadeMinimizer.cc: 157 -- Minimisation configured with Type=Minuit2, Algo=Migrad, strategy=0, tolerance=0.1
INFO: (function: improveOnce) CascadeMinimizer.cc: 180 -- Minimisation finished with status=0
INFO: (function: improveOnce) CascadeMinimizer.cc: 185 -- Minimization success! status=0
INFO: (function: findCrossing) FitterAlgoBase.cc: 434 -- 0.971865    -0.00857  -0.03577    -0.000411
INFO: (function: improveOnce) CascadeMinimizer.cc: 157 -- Minimisation configured with Type=Minuit2, Algo=Migrad, strategy=0, tolerance=0.1
INFO: (function: improveOnce) CascadeMinimizer.cc: 180 -- Minimisation finished with status=0
INFO: (function: improveOnce) CascadeMinimizer.cc: 185 -- Minimization success! status=0
INFO: (function: findCrossing) FitterAlgoBase.cc: 434 -- 0.972152    -0.00056  -0.00857    -0.000123
INFO: (function: improveOnce) CascadeMinimizer.cc: 157 -- Minimisation configured with Type=Minuit2, Algo=Migrad, strategy=0, tolerance=0.1
INFO: (function: improveOnce) CascadeMinimizer.cc: 180 -- Minimisation finished with status=0
INFO: (function: improveOnce) CascadeMinimizer.cc: 185 -- Minimization success! status=0
INFO: (function: findCrossing) FitterAlgoBase.cc: 434 -- 0.972238    +0.00184  -0.00056    -0.000037
INFO: (function: improveOnce) CascadeMinimizer.cc: 157 -- Minimisation configured with Type=Minuit2, Algo=Migrad, strategy=0, tolerance=0.1
INFO: (function: improveOnce) CascadeMinimizer.cc: 180 -- Minimisation finished with status=0
INFO: (function: improveOnce) CascadeMinimizer.cc: 185 -- Minimization success! status=0
INFO: (function: findCrossing) FitterAlgoBase.cc: 434 -- 0.972202    +0.00082  +0.00184    -0.000037
INFO: (function: improveOnce) CascadeMinimizer.cc: 157 -- Minimisation configured with Type=Minuit2, Algo=Migrad, strategy=0, tolerance=0.1
INFO: (function: improveOnce) CascadeMinimizer.cc: 180 -- Minimisation finished with status=0
INFO: (function: improveOnce) CascadeMinimizer.cc: 185 -- Minimization success! status=0
INFO: (function: findCrossing) FitterAlgoBase.cc: 434 -- 0.972165    -0.00021  +0.00082    -0.000037
DEBUG: (function: runSpecific) FitDiagnostics.cc: 412 -- Fit S+B, status = 0, numBadNLL = 0, covariance quality = 3
INFO: (function: getNormalizations) FitDiagnostics.cc: 777 -- Generating toy data for evaluating per-bin uncertainties and covariances with post-fit nuisance parameters with 200 toys
